! Program: revised_kineamtic_distance.f: Version 1.0; M. Reid; March 2009
! Assumed Galactic paramters:  Ro, To, dTdr   8.40 254.00   0.00
! Assumed Solar Motion parms:  Uo, Vo, Wo    10.00   5.25   7.17
! Assumed Source Motion parms: Us, Vs, Ws     0.00 -15.00   0.00
! Assumed uncertainties in V_lsr              7.00
! Source     Gal Long  Gal Lat    V_lsr     V_rev    Rev. D_k     +/-  
!              (deg)    (deg)    (km/s)    (km/s)     (kpc)      (kpc)
 G23.0-0.4     23.010  -0.410      81.0      87.9      4.72   0.26  -0.27
 G23.4-0.2     23.437  -0.184      97.0     104.9      5.29   0.25  -0.26
 G23.6-0.1     23.657  -0.127      83.0      90.0      4.77   0.26  -0.27
 G35.2-0.7     35.197  -0.743      28.0      32.6      1.99   0.39  -0.41
 G35.2-1.7     35.200  -1.736      42.0      47.4      2.76   0.37  -0.38
 W51IRS2       49.489  -0.369      56.0      63.2      5.46   1.58  -1.58
 G59.7+0.1     59.783   0.065      27.0      33.1      3.45   1.20  -1.20
 CepA         109.871   2.114     -10.0      -5.6      0.55   0.66  -0.55
 NGC7538      111.542   0.777     -57.0     -55.6      4.64   0.66  -0.63
 IRAS00420    122.015  -7.072     -44.0     -42.1      3.18   0.63  -0.60
 NGC281       123.067  -6.274     -31.0     -28.3      2.08   0.58  -0.56
 W3OH         133.947   1.064     -45.0     -43.9      3.42   0.74  -0.68
 WB89-437     135.277   2.798     -72.0     -72.7      6.89   1.17  -1.03
 S252         188.946   0.886      11.0      11.1      3.33   4.18  -2.45
 S269         196.454  -1.677      20.0      20.1      3.35   1.99  -1.50
 Orion        209.007 -19.385      10.0       8.6      0.71   0.69  -0.62
 G232.6-1.0   232.621   0.996      23.0      20.4      1.44   0.56  -0.54
 VYCMa        239.353  -5.065      18.0      14.8      1.10   0.55  -0.55
